<?xml version="1.0" encoding="UTF-8"?>
<!-- Generated by org.testng.reporters.JUnitXMLReporter -->
<testsuite ignored="0" hostname="Amods-MacBook-Pro.local" failures="0" tests="15" name="Command line test" time="500.765" errors="0" timestamp="25 Sep 2022 16:35:26 GMT">
  <testcase classname="com.actitime.qa.testcases.ViewUsersTest" name="@BeforeMethod seup" time="111.89">
    <failure type="org.openqa.selenium.ElementNotInteractableException" message="element not interactable
  (Session info: chrome=105.0.5195.125)
Build info: version: &amp;apos;3.141.59&amp;apos;, revision: &amp;apos;e82be7d358&amp;apos;, time: &amp;apos;2018-11-14T08:17:03&amp;apos;
System info: host: &amp;apos;Amods-MacBook-Pro.local&amp;apos;, ip: &amp;apos;2402:4000:2380:145a:54c8:1fa:e28a:d4dd%en0&amp;apos;, os.name: &amp;apos;Mac OS X&amp;apos;, os.arch: &amp;apos;x86_64&amp;apos;, os.version: &amp;apos;11.5&amp;apos;, java.version: &amp;apos;16.0.1&amp;apos;
Driver info: org.openqa.selenium.chrome.ChromeDriver
Capabilities {acceptInsecureCerts: false, browserName: chrome, browserVersion: 105.0.5195.125, chrome: {chromedriverVersion: 105.0.5195.52 (412c95e51883..., userDataDir: /var/folders/gw/59d_3_md4pz...}, goog:chromeOptions: {debuggerAddress: localhost:49415}, javascriptEnabled: true, networkConnectionEnabled: false, pageLoadStrategy: normal, platform: MAC, platformName: MAC, proxy: Proxy(), setWindowRect: true, strictFileInteractability: false, timeouts: {implicit: 0, pageLoad: 300000, script: 30000}, unhandledPromptBehavior: dismiss and notify, webauthn:extension:credBlob: true, webauthn:extension:largeBlob: true, webauthn:virtualAuthenticators: true}
Session ID: ef96644cfc1e09593fbf5d97632e295b">
      <![CDATA[org.openqa.selenium.ElementNotInteractableException: element not interactable
  (Session info: chrome=105.0.5195.125)
Build info: version: '3.141.59', revision: 'e82be7d358', time: '2018-11-14T08:17:03'
System info: host: 'Amods-MacBook-Pro.local', ip: '2402:4000:2380:145a:54c8:1fa:e28a:d4dd%en0', os.name: 'Mac OS X', os.arch: 'x86_64', os.version: '11.5', java.version: '16.0.1'
Driver info: org.openqa.selenium.chrome.ChromeDriver
Capabilities {acceptInsecureCerts: false, browserName: chrome, browserVersion: 105.0.5195.125, chrome: {chromedriverVersion: 105.0.5195.52 (412c95e51883..., userDataDir: /var/folders/gw/59d_3_md4pz...}, goog:chromeOptions: {debuggerAddress: localhost:49415}, javascriptEnabled: true, networkConnectionEnabled: false, pageLoadStrategy: normal, platform: MAC, platformName: MAC, proxy: Proxy(), setWindowRect: true, strictFileInteractability: false, timeouts: {implicit: 0, pageLoad: 300000, script: 30000}, unhandledPromptBehavior: dismiss and notify, webauthn:extension:credBlob: true, webauthn:extension:largeBlob: true, webauthn:virtualAuthenticators: true}
Session ID: ef96644cfc1e09593fbf5d97632e295b
at org.openqa.selenium.remote.http.W3CHttpResponseCodec.createException(W3CHttpResponseCodec.java:187)
at org.openqa.selenium.remote.http.W3CHttpResponseCodec.decode(W3CHttpResponseCodec.java:122)
at org.openqa.selenium.remote.http.W3CHttpResponseCodec.decode(W3CHttpResponseCodec.java:49)
at org.openqa.selenium.remote.HttpCommandExecutor.execute(HttpCommandExecutor.java:158)
at org.openqa.selenium.remote.service.DriverCommandExecutor.execute(DriverCommandExecutor.java:83)
at org.openqa.selenium.remote.RemoteWebDriver.execute(RemoteWebDriver.java:552)
at org.openqa.selenium.remote.RemoteWebElement.execute(RemoteWebElement.java:285)
at org.openqa.selenium.remote.RemoteWebElement.click(RemoteWebElement.java:84)
at org.openqa.selenium.support.events.EventFiringWebDriver$EventFiringWebElement.lambda$new$0(EventFiringWebDriver.java:404)
at jdk.proxy2/jdk.proxy2.$Proxy14.click(Unknown Source)
at org.openqa.selenium.support.events.EventFiringWebDriver$EventFiringWebElement.click(EventFiringWebDriver.java:417)
at org.openqa.selenium.support.pagefactory.internal.LocatingElementHandler.invoke(LocatingElementHandler.java:51)
at jdk.proxy2/jdk.proxy2.$Proxy13.click(Unknown Source)
at com.actitime.qa.pages.ActiPlanPage.clickOnUsersLink(ActiPlanPage.java:54)
at com.actitime.qa.testcases.ViewUsersTest.seup(ViewUsersTest.java:32)
... Removed 51 stack frames]]>
    </failure>
  </testcase> <!-- @BeforeMethod seup -->
  <testcase classname="com.actitime.qa.testcases.ViewUsersTest" name="@AfterMethod tearDown" time="0.0">
    <skipped/>
  </testcase> <!-- @AfterMethod tearDown -->
  <testcase classname="com.actitime.qa.testcases.ViewUsersTest" name="@BeforeMethod seup" time="0.0">
    <skipped/>
  </testcase> <!-- @BeforeMethod seup -->
  <testcase classname="com.actitime.qa.testcases.ViewUsersTest" name="@AfterMethod tearDown" time="0.0">
    <skipped/>
  </testcase> <!-- @AfterMethod tearDown -->
  <testcase classname="com.actitime.qa.testcases.ViewUsersTest" name="@BeforeMethod seup" time="0.0">
    <skipped/>
  </testcase> <!-- @BeforeMethod seup -->
  <testcase classname="com.actitime.qa.testcases.ViewUsersTest" name="@AfterMethod tearDown" time="0.0">
    <skipped/>
  </testcase> <!-- @AfterMethod tearDown -->
  <testcase classname="com.actitime.qa.testcases.ViewUsersTest" name="@BeforeMethod seup" time="0.0">
    <skipped/>
  </testcase> <!-- @BeforeMethod seup -->
  <testcase classname="com.actitime.qa.testcases.ViewUsersTest" name="@AfterMethod tearDown" time="0.0">
    <skipped/>
  </testcase> <!-- @AfterMethod tearDown -->
  <testcase classname="com.actitime.qa.testcases.ViewUsersTest" name="viewUsersTable" time="0.0">
    <skipped/>
  </testcase> <!-- viewUsersTable -->
  <testcase classname="com.actitime.qa.testcases.TimeTrackTest" name="viewTimeTrackTest" time="28.038"/>
  <testcase classname="com.actitime.qa.testcases.LogonPageTest" name="loginPageLogoTest" time="0.272"/>
  <testcase classname="com.actitime.qa.testcases.HomePageTest" name="homePageLogoTest" time="8.334"/>
  <testcase classname="com.actitime.qa.testcases.ViewUsersTest" name="changeStatus" time="0.0">
    <skipped/>
  </testcase> <!-- changeStatus -->
  <testcase classname="com.actitime.qa.testcases.ViewUsersTest" name="changeApprovedAdmin" time="0.0">
    <skipped/>
  </testcase> <!-- changeApprovedAdmin -->
  <testcase classname="com.actitime.qa.testcases.ViewUsersTest" name="viewAccountInfo" time="0.0">
    <skipped/>
  </testcase> <!-- viewAccountInfo -->
  <testcase classname="com.actitime.qa.testcases.TimeTrackTest" name="approveTimeTrack" time="17.126"/>
  <testcase classname="com.actitime.qa.testcases.LogonPageTest" name="LoginTestInvalid" time="4.71"/>
  <testcase classname="com.actitime.qa.testcases.LogonPageTest" name="LoginTestInvalid" time="4.341"/>
  <testcase classname="com.actitime.qa.testcases.LogonPageTest" name="LoginTestInvalid" time="5.343"/>
  <testcase classname="com.actitime.qa.testcases.LogonPageTest" name="LoginTest" time="9.435"/>
  <testcase classname="com.actitime.qa.testcases.LogonPageTest" name="LoginTest" time="20.124"/>
  <testcase classname="com.actitime.qa.testcases.HomePageTest" name="homePageTaskLinkTest" time="16.287"/>
  <testcase classname="com.actitime.qa.testcases.TimeTrackTest" name="rejectTimeTrack" time="14.934"/>
</testsuite> <!-- Command line test -->
